<?xml version="1.0" encoding="UTF-8"?>
<testng-results ignored="0" total="1" passed="1" failed="0" skipped="0">
  <reporter-output>
  </reporter-output>
  <suite started-at="2023-03-14T20:17:15 IST" name="Default suite" finished-at="2023-03-14T20:17:19 IST" duration-ms="4333">
    <groups>
    </groups>
    <test started-at="2023-03-14T20:17:15 IST" name="Default test" finished-at="2023-03-14T20:17:19 IST" duration-ms="4333">
      <class name="script.TestScript">
        <test-method signature="ts()[pri:0, instance:script.TestScript@56cdfb3b]" started-at="2023-03-14T20:17:15 IST" name="ts" finished-at="2023-03-14T20:17:19 IST" duration-ms="4296" status="PASS">
          <reporter-output>
          </reporter-output>
        </test-method> <!-- ts -->
      </class> <!-- script.TestScript -->
    </test> <!-- Default test -->
  </suite> <!-- Default suite -->
</testng-results>
